{"contracts/NFTMarketplace.sol":{"l":{"66":13,"67":13,"68":1,"70":12,"74":9,"75":9,"76":3,"78":6,"86":17,"87":17,"88":17,"89":3,"92":14,"114":11,"115":0,"123":11,"125":11,"126":1,"129":10,"130":10,"144":3,"145":3,"146":1,"152":2,"153":2,"161":2,"166":2,"179":1,"180":1,"198":1,"199":1,"206":2,"208":2,"209":1,"212":1,"213":1,"215":1,"216":0,"228":3,"232":2},"path":"/Users/yves.tscherry/dev/blockchain/solidity/fcc-youtube/fcc-nft-marketplace/fcc-nft-marketplace-backend/contracts/NFTMarketplace.sol","s":{"1":13,"2":13,"3":9,"4":9,"5":17,"6":17,"7":17,"8":11,"9":11,"10":11,"11":10,"12":10,"13":3,"14":3,"15":2,"16":2,"17":2,"18":1,"19":1,"20":1,"21":2,"22":2,"23":1,"24":1,"25":1,"26":3,"27":2},"b":{"1":[1,12],"2":[3,6],"3":[3,14],"4":[0,11],"5":[1,10],"6":[1,2],"7":[1,1],"8":[0,1]},"f":{"1":13,"2":9,"3":17,"4":11,"5":3,"6":1,"7":1,"8":2,"9":3,"10":2},"fnMap":{"1":{"name":"notListed","line":65,"loc":{"start":{"line":65,"column":2},"end":{"line":71,"column":2}}},"2":{"name":"isListed","line":73,"loc":{"start":{"line":73,"column":2},"end":{"line":79,"column":2}}},"3":{"name":"isOwner","line":81,"loc":{"start":{"line":81,"column":2},"end":{"line":93,"column":2}}},"4":{"name":"listItem","line":112,"loc":{"start":{"line":105,"column":2},"end":{"line":131,"column":2}}},"5":{"name":"buyItem","line":142,"loc":{"start":{"line":138,"column":2},"end":{"line":167,"column":2}}},"6":{"name":"cancelListing","line":177,"loc":{"start":{"line":174,"column":2},"end":{"line":181,"column":2}}},"7":{"name":"updateListing","line":196,"loc":{"start":{"line":189,"column":2},"end":{"line":200,"column":2}}},"8":{"name":"withdrawProceeds","line":205,"loc":{"start":{"line":205,"column":2},"end":{"line":218,"column":2}}},"9":{"name":"getListing","line":223,"loc":{"start":{"line":223,"column":2},"end":{"line":229,"column":2}}},"10":{"name":"getProceeds","line":231,"loc":{"start":{"line":231,"column":2},"end":{"line":233,"column":2}}}},"statementMap":{"1":{"start":{"line":66,"column":4},"end":{"line":66,"column":60}},"2":{"start":{"line":67,"column":4},"end":{"line":67,"column":1941}},"3":{"start":{"line":74,"column":4},"end":{"line":74,"column":60}},"4":{"start":{"line":75,"column":4},"end":{"line":75,"column":2174}},"5":{"start":{"line":86,"column":4},"end":{"line":86,"column":37}},"6":{"start":{"line":87,"column":4},"end":{"line":87,"column":40}},"7":{"start":{"line":88,"column":4},"end":{"line":88,"column":2455}},"8":{"start":{"line":114,"column":4},"end":{"line":114,"column":3054}},"9":{"start":{"line":123,"column":4},"end":{"line":123,"column":37}},"10":{"start":{"line":125,"column":4},"end":{"line":125,"column":3396}},"11":{"start":{"line":129,"column":4},"end":{"line":129,"column":63}},"12":{"start":{"line":130,"column":4},"end":{"line":130,"column":59}},"13":{"start":{"line":144,"column":4},"end":{"line":144,"column":63}},"14":{"start":{"line":145,"column":4},"end":{"line":145,"column":4004}},"15":{"start":{"line":152,"column":4},"end":{"line":152,"column":76}},"16":{"start":{"line":161,"column":4},"end":{"line":161,"column":4700}},"17":{"start":{"line":166,"column":4},"end":{"line":166,"column":70}},"18":{"start":{"line":180,"column":4},"end":{"line":180,"column":54}},"19":{"start":{"line":198,"column":4},"end":{"line":198,"column":51}},"20":{"start":{"line":199,"column":4},"end":{"line":199,"column":62}},"21":{"start":{"line":206,"column":4},"end":{"line":206,"column":45}},"22":{"start":{"line":208,"column":4},"end":{"line":208,"column":5982}},"23":{"start":{"line":212,"column":4},"end":{"line":212,"column":29}},"24":{"start":{"line":213,"column":4},"end":{"line":213,"column":68}},"25":{"start":{"line":215,"column":4},"end":{"line":215,"column":6160}},"26":{"start":{"line":228,"column":4},"end":{"line":228,"column":42}},"27":{"start":{"line":232,"column":4},"end":{"line":232,"column":29}}},"branchMap":{"1":{"line":67,"type":"if","locations":[{"start":{"line":67,"column":4},"end":{"line":67,"column":4}},{"start":{"line":67,"column":4},"end":{"line":67,"column":4}}]},"2":{"line":75,"type":"if","locations":[{"start":{"line":75,"column":4},"end":{"line":75,"column":4}},{"start":{"line":75,"column":4},"end":{"line":75,"column":4}}]},"3":{"line":88,"type":"if","locations":[{"start":{"line":88,"column":4},"end":{"line":88,"column":4}},{"start":{"line":88,"column":4},"end":{"line":88,"column":4}}]},"4":{"line":114,"type":"if","locations":[{"start":{"line":114,"column":4},"end":{"line":114,"column":4}},{"start":{"line":114,"column":4},"end":{"line":114,"column":4}}]},"5":{"line":125,"type":"if","locations":[{"start":{"line":125,"column":4},"end":{"line":125,"column":4}},{"start":{"line":125,"column":4},"end":{"line":125,"column":4}}]},"6":{"line":145,"type":"if","locations":[{"start":{"line":145,"column":4},"end":{"line":145,"column":4}},{"start":{"line":145,"column":4},"end":{"line":145,"column":4}}]},"7":{"line":208,"type":"if","locations":[{"start":{"line":208,"column":4},"end":{"line":208,"column":4}},{"start":{"line":208,"column":4},"end":{"line":208,"column":4}}]},"8":{"line":215,"type":"if","locations":[{"start":{"line":215,"column":4},"end":{"line":215,"column":4}},{"start":{"line":215,"column":4},"end":{"line":215,"column":4}}]}}},"contracts/playground/ReentrantVulnerable.sol":{"l":{"37":0,"41":0,"42":0,"44":0,"45":0,"47":0,"52":0,"60":0,"65":0,"66":0,"75":0,"76":0,"77":0,"82":0},"path":"/Users/yves.tscherry/dev/blockchain/solidity/fcc-youtube/fcc-nft-marketplace/fcc-nft-marketplace-backend/contracts/playground/ReentrantVulnerable.sol","s":{"1":0,"2":0,"3":0,"4":0,"5":0,"6":0,"7":0,"8":0,"9":0,"10":0,"11":0,"12":0,"13":0,"14":0},"b":{"1":[0,0],"2":[0,0],"3":[0,0],"4":[0,0]},"f":{"1":0,"2":0,"3":0,"4":0,"5":0,"6":0,"7":0},"fnMap":{"1":{"name":"deposit","line":36,"loc":{"start":{"line":36,"column":2},"end":{"line":38,"column":2}}},"2":{"name":"withdraw","line":40,"loc":{"start":{"line":40,"column":2},"end":{"line":48,"column":2}}},"3":{"name":"getBalance","line":51,"loc":{"start":{"line":51,"column":2},"end":{"line":53,"column":2}}},"4":{"name":"constructor","line":59,"loc":{"start":{"line":59,"column":2},"end":{"line":61,"column":2}}},"5":{"name":null,"line":64,"loc":{"start":{"line":64,"column":2},"end":{"line":68,"column":2}}},"6":{"name":"attack","line":74,"loc":{"start":{"line":74,"column":2},"end":{"line":78,"column":2}}},"7":{"name":"getBalance","line":81,"loc":{"start":{"line":81,"column":2},"end":{"line":83,"column":2}}}},"statementMap":{"1":{"start":{"line":37,"column":4},"end":{"line":37,"column":36}},"2":{"start":{"line":41,"column":4},"end":{"line":41,"column":38}},"3":{"start":{"line":42,"column":4},"end":{"line":42,"column":19}},"4":{"start":{"line":44,"column":4},"end":{"line":44,"column":51}},"5":{"start":{"line":45,"column":4},"end":{"line":45,"column":40}},"6":{"start":{"line":47,"column":4},"end":{"line":47,"column":27}},"7":{"start":{"line":52,"column":4},"end":{"line":52,"column":32}},"8":{"start":{"line":60,"column":4},"end":{"line":60,"column":73}},"9":{"start":{"line":65,"column":4},"end":{"line":65,"column":1900}},"10":{"start":{"line":66,"column":6},"end":{"line":66,"column":35}},"11":{"start":{"line":75,"column":4},"end":{"line":75,"column":32}},"12":{"start":{"line":76,"column":4},"end":{"line":76,"column":48}},"13":{"start":{"line":77,"column":4},"end":{"line":77,"column":33}},"14":{"start":{"line":82,"column":4},"end":{"line":82,"column":32}}},"branchMap":{"1":{"line":42,"type":"if","locations":[{"start":{"line":42,"column":4},"end":{"line":42,"column":4}},{"start":{"line":42,"column":4},"end":{"line":42,"column":4}}]},"2":{"line":45,"type":"if","locations":[{"start":{"line":45,"column":4},"end":{"line":45,"column":4}},{"start":{"line":45,"column":4},"end":{"line":45,"column":4}}]},"3":{"line":65,"type":"if","locations":[{"start":{"line":65,"column":4},"end":{"line":65,"column":4}},{"start":{"line":65,"column":4},"end":{"line":65,"column":4}}]},"4":{"line":75,"type":"if","locations":[{"start":{"line":75,"column":4},"end":{"line":75,"column":4}},{"start":{"line":75,"column":4},"end":{"line":75,"column":4}}]}}},"contracts/test/BasicNft.sol":{"l":{"14":3,"18":15,"19":15,"20":15,"24":0,"25":0,"29":0},"path":"/Users/yves.tscherry/dev/blockchain/solidity/fcc-youtube/fcc-nft-marketplace/fcc-nft-marketplace-backend/contracts/test/BasicNft.sol","s":{"1":3,"2":15,"3":15,"4":15,"5":0,"6":0,"7":0},"b":{"1":[0,0]},"f":{"1":3,"2":15,"3":0,"4":0},"fnMap":{"1":{"name":"constructor","line":13,"loc":{"start":{"line":13,"column":4},"end":{"line":15,"column":4}}},"2":{"name":"mintNft","line":17,"loc":{"start":{"line":17,"column":4},"end":{"line":21,"column":4}}},"3":{"name":"tokenURI","line":23,"loc":{"start":{"line":23,"column":4},"end":{"line":26,"column":4}}},"4":{"name":"getTokenCounter","line":28,"loc":{"start":{"line":28,"column":4},"end":{"line":30,"column":4}}}},"statementMap":{"1":{"start":{"line":14,"column":8},"end":{"line":14,"column":25}},"2":{"start":{"line":18,"column":8},"end":{"line":18,"column":44}},"3":{"start":{"line":19,"column":8},"end":{"line":19,"column":38}},"4":{"start":{"line":20,"column":8},"end":{"line":20,"column":42}},"5":{"start":{"line":24,"column":8},"end":{"line":24,"column":83}},"6":{"start":{"line":25,"column":8},"end":{"line":25,"column":24}},"7":{"start":{"line":29,"column":8},"end":{"line":29,"column":29}}},"branchMap":{"1":{"line":24,"type":"if","locations":[{"start":{"line":24,"column":8},"end":{"line":24,"column":8}},{"start":{"line":24,"column":8},"end":{"line":24,"column":8}}]}}}}